0 info it worked if it ends with ok
1 verbose cli [ '/Users/carlesba/.nvm/versions/node/v5.11.1/bin/node',
1 verbose cli   '/Users/carlesba/.nvm/versions/node/v5.11.1/bin/npm',
1 verbose cli   'start' ]
2 info using npm@3.8.6
3 info using node@v5.11.1
4 verbose run-script [ 'prestart', 'start', 'poststart' ]
5 info lifecycle chessball@0.0.1~prestart: chessball@0.0.1
6 silly lifecycle chessball@0.0.1~prestart: no script for prestart, continuing
7 info lifecycle chessball@0.0.1~start: chessball@0.0.1
8 verbose lifecycle chessball@0.0.1~start: unsafe-perm in lifecycle true
9 verbose lifecycle chessball@0.0.1~start: PATH: /Users/carlesba/.nvm/versions/node/v5.11.1/lib/node_modules/npm/bin/node-gyp-bin:/Users/carlesba/repositories/chessball/node_modules/.bin:/Users/carlesba/.nvm/versions/node/v5.11.1/bin:/Users/carlesba/.nvm/versions/node/v5.11.1/bin:/Users/carlesba/.npm-packages/bin:/usr/local/bin:/usr/local/sbin:/usr/bin:/bin:/usr/sbin:/sbin
10 verbose lifecycle chessball@0.0.1~start: CWD: /Users/carlesba/repositories/chessball
11 silly lifecycle chessball@0.0.1~start: Args: [ '-c', 'webpack-dev-server' ]
12 silly lifecycle chessball@0.0.1~start: Returned: code: 1  signal: null
13 info lifecycle chessball@0.0.1~start: Failed to exec start script
14 verbose stack Error: chessball@0.0.1 start: `webpack-dev-server`
14 verbose stack Exit status 1
14 verbose stack     at EventEmitter.<anonymous> (/Users/carlesba/.nvm/versions/node/v5.11.1/lib/node_modules/npm/lib/utils/lifecycle.js:239:16)
14 verbose stack     at emitTwo (events.js:100:13)
14 verbose stack     at EventEmitter.emit (events.js:185:7)
14 verbose stack     at ChildProcess.<anonymous> (/Users/carlesba/.nvm/versions/node/v5.11.1/lib/node_modules/npm/lib/utils/spawn.js:24:14)
14 verbose stack     at emitTwo (events.js:100:13)
14 verbose stack     at ChildProcess.emit (events.js:185:7)
14 verbose stack     at maybeClose (internal/child_process.js:850:16)
14 verbose stack     at Process.ChildProcess._handle.onexit (internal/child_process.js:215:5)
15 verbose pkgid chessball@0.0.1
16 verbose cwd /Users/carlesba/repositories/chessball
17 error Darwin 15.5.0
18 error argv "/Users/carlesba/.nvm/versions/node/v5.11.1/bin/node" "/Users/carlesba/.nvm/versions/node/v5.11.1/bin/npm" "start"
19 error node v5.11.1
20 error npm  v3.8.6
21 error code ELIFECYCLE
22 error chessball@0.0.1 start: `webpack-dev-server`
22 error Exit status 1
23 error Failed at the chessball@0.0.1 start script 'webpack-dev-server'.
23 error Make sure you have the latest version of node.js and npm installed.
23 error If you do, this is most likely a problem with the chessball package,
23 error not with npm itself.
23 error Tell the author that this fails on your system:
23 error     webpack-dev-server
23 error You can get information on how to open an issue for this project with:
23 error     npm bugs chessball
23 error Or if that isn't available, you can get their info via:
23 error     npm owner ls chessball
23 error There is likely additional logging output above.
24 verbose exit [ 1, true ]
